== Info: Host localhost:8000 was resolved.
== Info: IPv6: ::1
== Info: IPv4: 127.0.0.1
== Info:   Trying [::1]:8000...
== Info: connect to ::1 port 8000 from ::1 port 52676 failed: Connection refused
== Info:   Trying 127.0.0.1:8000...
== Info: Connected to localhost (127.0.0.1) port 8000
=> Send header, 204 bytes (0xcc)
0000: POST /uploadfile/ HTTP/1.1
001c: Host: localhost:8000
0032: User-Agent: curl/8.7.1
004a: Accept: */*
0057: Content-Length: 44351
006e: Content-Type: multipart/form-data; boundary=--------------------
00ae: ----eBeffz6LNFTXQu4vzPr1wt
00ca: 
=> Send data, 44351 bytes (0xad3f)
0000: --------------------------eBeffz6LNFTXQu4vzPr1wt
0032: Content-Disposition: form-data; name="file"; filename="spiderman
0072: .jpg"
0079: Content-Type: image/jpeg
0093: 
0095: ......JFIF....................................................!.
00d5: ..!.1&""&18/-/8D==DVQVpp.......................................!
0115: ...!.1&""&18/-/8D==DVQVpp............!..........................
0155: .......................3..j...\.....N....y..{.=V4..P.........N..
0195: CD.....b..KU..........Q.[0.@.A..H4...|....Cl..?..To[.d...'.7....
01d5: ....;'x.e.f N.e..QwQ.W..R.....nh.*.AS.Wh`G:.n....?%..=....<..._ 
0215: .T.......s....r&.?.._....'.R.(.G...........7zYzE.zX.`..\0.......
0255: .........%S..}.S..q.7.D.<o...8ms........n...R.....<..u.....U0*G.
0295: .Z.!..9.......[.....y.[..~...C^CW...?..s...yGq.......Q._.<..Ej`^
02d5: .....5...Z.g_...zd.tE..~.P.;..N...7.9.C....q/6.=..5......{.zp../
0315: ..n......W .....&oN#.:.~..='[.........G..w-.ujb.gkZ.......f..'M.
0355: ^.........u.a...r...\.Z...j..........5.[.s;D{X.....G!.....O[{...
0395: S...............W..CY.......V.......-...|..........DH.....C)....
03d5: ..WN.<.7.kRC...^.-[...n.X...4..^.:.wc;..4W..6./.h^.;....L.%..9zy
0415: ...y8.....V....".Ai.CW...M.*.z.....=...z.{.3./E...............<.
0455: (..n.j.uJ|....aeh..Xp>x.5.f..V./..W......Y....G..../M.=f.6v.....
0495: .2W.......2zWB.c..J......qXx.1.f..+q...L........._q/.c..._...v^v
04d5: .....O5F...f.......n.diGS+A...+...^..[..#...f....7n...]..6..e_\.
0515: .YIk.YL^.X.s).WS.3.~V..p.Y.^....k........;.d....1.......6......Y
0555: F.Y-8W,.G..[E_1....wk]9...|H2......>.Z:.%..4.TI..DK2...q6.......
0595: .i5YD5*.9.V....W!h.qN.e"u.....c...H.>..p.J..."C....,r.9~.mx.....
05d5: .j-.+.EQ.\.N..f.S.(..$.+.T.X.C6._=..~.S..MxLZ..+`.u.6B...Qf[...^
0615: Cs?...._i1.4v._..D....8.....g../...7..]d(../ZR...M:.%,!..qN...Y-
0655: .i.u.......(.^.0.._aE.v...Y[.....:..o../."=,..]d.../A.....u.JX.0
0695: .P....j....7...+}3(z.}S2...YT...Oym'..?U~_{.O.t....T.t.*.\..J.Iz
06d5: ."..$......k..Wi....x.l..b.A_v......g0..9........~e..L....k&8.0.
0715: -PV...,.....[.j....5Wy.................0Yx......).}#.v.../#..gd.
0755: ...........4..Xv.P...f..+.N.I..\.Z.^[^..G.....Q...z'.O.....O....
0795: ......2.m..6..<B...^..{Ya..d..K6...J.k'..r.%..{B..[../..z.2.[.?.
07d5: g.9...'.".@<~......>..Ej.H....'Ya.."...p..`wEl..e.E........dz.e.
0815: ">Y..S........4...|........Ws2D.,....o......C+..u....K.].g..._Q.
0855: .hI.'.;.R.W...#.dx.{oc.1.....^U]....i....c9....v...t.e..X4'.rR.'
0895: ...b...5O.g....}........+...'....M.9....(.F...WUN.$c.E....n9V2.q
08d5: .GOLG..d.J.G.]?.c....G...>i...........h*N.(.'.i....E..Ap.v...89V
0915: *.pS.....B.or.W1t..|..i.......}!63...c:.I..c..E".s.;..([.J.....*
0955: q...!V....wK.]...A..^...$..~...>.?r.53.UW]!....jQr.^.7.......9./
0995: >..?:.G..q>2...g......:U...D../..._<....X.l.q5Z.R.Yg..GpV.{..p.1
09d5: T.I......Y....-vQ.*>.R.^.U....52........g..).5.?-..".".....O...r
0a15: . .....V7..j(.+Xe...p..*.+.b.=.&.L.P.CY.s.y...cY.....-...w.x..V.
0a55: .&.~.._..`.= &D..']...$......=..$L.@lu.-}..WG0i.WV..M'..5s....'.
0a95: .7/.K.....ZQ..E.vM^V.0G..E{......S-....t..w..IE..R..W.`"..>....'
0ad5: L..2$W...s.R.b-.rDt."^..M.[.P...r&Z]}2...;:]..\.....>..$".....+.
0b15: .7+.;.6...@G."..b.:...X]....%.....JYmR.."..Z.KQA.Uvb:F3.q@.o...N
0b55: .....,dV...*..ZL.&...vz;.@...5S-9}f.....Y.CI.....#.. ..r.).9.5{.
0b95: D..e........A.r....u%.....w.....b..@....R.C^...,I..-[_..x./.)3'.
0bd5: t..5q.3...&.......$..-0.........I..}PXN....S.kuE^......I.=g3.aCQ
0c15: P4N...V....p..i.e..g^.:/ ......~..(...,'=P.IV...y.E...../...+QJ1
0c55: E.B....8...\.........5...Ku...l...y..u%e.%.E.z/CZj9.=..p0...+...
0c95: Z+f.P.kRJ..^......%voy$.KD'.v0..=.......s.j....*...R..C.l.@.8..U
0cd5: ..yR32....%uA.6zo..@.5..\..HKQ....-,....$HPt....Z.H.....S<.Q4Y.w
0d15: DX...z......)..............Y....:......=y..........j........Rd.i
0d55: .GG.t........3....%.h..I......^............. .g.:......A...E*I..
0d95: .HkN.V..^..nZ.X.......t.Mk}/...{?.ie....C.^[.X.c...H......T..#..
0dd5: .e.....p.7...vf....3$..A..._.6.+.?u..|......wwu.7..x.kN...#.m.<.
0e15: W...]..V..P...~.C2'-.r*..g.d.}..VK.....=D...GwM...@.c..A.o1{z.t.
0e55: )..l..>..J..sR.WiJCV..3k...3.......^+H?z.W..."..+~..%..&1.5..a..
0e95: ...|G..q....t"b.qph.....-...Tr1!m.b.0.>..9.3.9;.#.fzz.$V8....U3N
0ed5: Y.~.C...|A....J....,..jsGY.w^....K..>.@.}....."....j.wZ.-:......
0f15: S%...F.....t...+3.Pw....:X....w.-....N..}....gx.l.^.......kRm~..
0f55: ..@_9....|.<Ve!&...F...B2..M....(..I..\....)._M...,..V..Y{GQ{OtI
0f95: ....z.Q5.OO..;........8..@..P6.6/w].....d.qUY{9=.....U_..u.^Zz..
0fd5: ..I'.../B...u~......Zjs....p.t....b.w=u.......-.f ......f*..Jo2;
1015: ...2..G.#o.9Eq.....\.#..S.,.?.J.T..;E[.....r.E..5.\..o.....3o.n.
1055: ....../i.......G...........B...[=Q.G.......V,..~M...ep.- .......
1095: ]B.,.[.w.EIy........8...Y...$.....4......C..k.R...h..3..U....R.g
10d5: h}......l...#{p.h...C...e.a.x..Q....}\.....j."..y..R......z..E..
1115: J.;.}?.._.,.j,u....J....=.Os......S....?........bo..7@.....E....
1155: .e...../...l...'t......{t....$`Yd......zS..../.p.0P..^..3.C.....
1195: ....................................L.....M.<<.S...Q.3.....L...=
11d5: ......u}..4JL.h.+...J.'.k.^..<UK...\.u.g..g....C1.Y..k..0'DiIW.'
1215: :.g....W4\..6.3\.......9.P.h......4.#^-Im7.]1.....Y.>....h...P..
1255: Y..^..?Z.*..s..g..........eJ/si..I%.;....k.h..~r.Rj...K14...U...
1295: .9....C....L.GG.SS.):.f..1.k..u>W.#..j.].......11 ..T.X.....U.5.
12d5: /Z....W11+.g..5d.......uAi.MN.*Y.m.3........(...-..sN..Y3......0
1315: ...E.PSt..n..3D.f&%A"....S...SS..Gk.S."(.......<.d..&@...h.wjt.V
1355: ..0..M...5.G..O3wg.';-...b.M.@..G7..W...."z:.I..ab.....& c......
1395: h........aV.k..U.C`.T.73..NT..OM.qs0.....E.@......s..|..z:..|.(.
13d5: ..B.C.....[.g..q...v.1l.ZQ./$9...j...@..).n....&..J..o$...*.P..g
1415: ..Yq_....i....E....V*s.sr.2m.W.A..L..j...G....(.....nnF~...E%...
1455: E....p;P..5.....Fq0.U.Z.[...W....9f..8..c6.,l..P...N&..sj...6/..
1495: qj.g..]=.2..g.SL9.C?...v..../Jq..tX...Cj.)..?'..v.`(B........".!
14d5: .....2..*..1...G.W...b.I..1W.S ..l.f..K.G2W.....9...c.r...YI.b.Q
1515: q...z...0.P..6tN...m........OHeE...C........6PX..Q..n...*H9.....
1555: ..3....9'.....V..bX.....sO.j..c........^.P......\g./W........n..
1595: ..9..G4..F.#P.......9...j...............N..)...fj..S..#.u%./....
15d5: ..}..9.^......ga.*.{.6.=..M:.'..V.&..Sj....G................U.:.
1615: .s...L..M.]........Q...P..~..Q...)..O^...Ur..Q....f.9.....b{H.%.
1655: "....8....a.U...H.Xt....J....U.nX...?2..0S.g..L!..T.V.(....}]..1
1695: ...*b}z...+..J.Vb.....&.8...L.......O.G:..yc.....Zc..&.[.....8..
16d5: ...|....o>T.;......,%.9.Q2.l_/$(.n.Q.. e....,%..T.2.u...#q]..QF.
1715: ...z...}..\....s>H.....p.W0.4.....9.:4.5.4.".l..3.R..#..1...f.d|
1755: ,....QY..K....=...Z,......X.H.+..5...!..z*.e.........S.wJ).a.\U.
1795: zS."s..........................................Nx\)X..Y..UD2X...
17d5: .k>..(........C2(..d...i..2'..{...e)..k..1.._.....t.Sj.....@k?..
1815: .....V.-"ba../......[i...h..s}u..}D.M[....s.j.`2>.u.v....68...m.
1855: QF.R.-i1..Z..Zi r....].C..N&x....JX..&&..B.*.$nP"....j..=.UO"K1.
1895: )b....g....G5l@..ol....\......IK......j..T.......\:...w).....\p.
18d5: .!.I..z....R7@..o...1Y;.@.{;.....!.N.CQn..*....3.}.2.f...,.....Q
1915: Z.8..hf-QO............e.v.:...`.+\..tL3....Qp.J.....vs.........x
1955: 4Ek...D.u........r>.....6CE..z.K..I-r.u.....t.Qp_F......*.".D..E
1995: .....S.:&.E.I.....V....]qn...h...."..b....j/....<'.._.....O.....
19d5: p...$.1...V.{......+Xg.m.E.!...w....: LPC.;....70*...4..'......8
1a15: xT.>.rf .t..>..fo.....h.^gO..M.|.7.z...$L.....AL..Sk.2....^..~.W
1a55: G.|.2......A....q.zy.#9v..<.%b...p.?>.>z`...9...'Q...L....ZA@p..
1a95: ...?]...|.q*.......R...I...p.6^..i..>&...........G..DQY:....=...
1ad5: _.j.....|.{..D..3.o:~..f.,.....-...E..^........C....%.]ob..Q%. .
1b15: a..i.........c..W.}.<....z.`$WYe..Z.-.{;..} ..=.)7...{....E.]..V
1b55: L*!"...E.....^....(05............B..u.oJ.x..............I....h.U
1b95: E.M....de"+.h....-A.?\.S.~..(.{!.F..W.Z..Yl...oy..NS.ZR.|.p.....
1bd5: .=..f............t.....Z..>t...I.~x.U.*...............9y...[...!
1c15: [.+.Y...[$\Tt.....x..=.).7g./X$>..)..\...CVR...le.....ew..`...^.
1c55: y}.hb.6S...6..]mM|.j...Y..%.{../X.h8..Oy...Q=.Jg..-e.FG...q...s.
1c95: .N.i6....../E...d.....h.9U<..q...i./N.k.....,..jJ.Hr</q......~,k
1cd5: .7....F..k.0..eP.8b...g.ho.u......iW..R..m...>....1(V......y~IL.
1d15: .mcZV.....1..m..}.rk)...u.<{....S.l[X...e.I&.i..%..,`........hh=
1d55: j..D.oC.....Ck8...........z......5..I..j....zRm..D.....8..L.{X.Y
1d95: ^;N.......ZV...x.b....^.Y.@..../.....&..-..`.<}G..`U.w.W.k.n.9..
1dd5: .v.,P.....G...,j8...U.B%..-..2.<Hm..j..j.j>..B.Q...i..V....$....
1e15: V......5.z....p.....*P.F....E.;.mU....z...6...K@ke.B.Q.l.'..r.U.
1e55: {q.mm.......^h...f..,.....\...Zf...^K.....|..._...-K5.r.....'...
1e95: w...."...../?....o/G.x$.:...m...'w.aQj.Gx)..qu|...uv5<....%.....
1ed5: 6...,.....~...Q...._..z...&5..4."U.....e..E.<..]e.y...%L..lh..=.
1f15: i......v7t.].s.f...R.(..&..W......f.B..2.)fw......7|..xL\m...D~c
1f55: ....\.B.)..U+...$....w.i.z.^ff!o.k3.5..:..G...a.B.3.S...3J!....i
1f95: .v..e._+..{..j..PA[.m|....oh.wM.,&..)S..yL.Cbt..;...H...........
1fd5: ............!1...2AQq."r..#3Ba...Rb.. $4s...CSc..D...%..........
2015: ...?....B...._...AI.~..f.LLG#...h..h.h}........ur...~...P<?UQA.t
2055: s..r.K.:>w......4....1.6.R..&g.p.4wY..Y..&.x]..@vr...vG......sMG
2095: .w...........S.m......DP3.i-.#D.Cm....-1N .T...|.......UL....}.X
20d5:  ........a.ZU.....&...8*.)MYV.6@].Z.".gE.......`..I....[.....xJ.
2115: .....]..0..p...lS..o.S3..9|......z..T....e.k....u........C&....A
2155: .UA....i..s.......J;.................".G".......*...p.g..K......
2195: ...v5?..S.;8.....c..d.....(....h...F0..p.2.L....|,i-.Pa{...S..6.
21d5: ......*.F."s.B..7.........v~H#.+.-t.1.B..Gr3..B...].w.Sz;UI#%{F.
2215: q+D..f[.k=_......)Io.O..'...ge.*FmBG.j....g0...^.:I...H./I.%....
2255: ..n....._..)ge..i..*w88...X.!..r.O....=...>.P..A.J4.f....6.(....
2295: ? .n..ed...1..faRg/P..E3~o..j..\|.....=\..qo.nj..J.........K(r+.
22d5: !..'.....u!..C...........G.lC/.................N...t..........P~
2315: !:..Z....A.._.?..ARG.F<.r.k..@r..h.;y...zk._.e.[.c..............
2355: `U.2:y...-"C...+...o.....!.;.W..+".....g.halY..z3..(id.w....oH.t
2395: .tq..!h:......~..6......zG^.+.......IT:r......T.F..l.#s.U}.j.smu
23d5: ..c....gq.H..50..p|.......^..L......f`..!hW....|..|%.....P...cC.
2415: ..KA....d..T...-....g7U........\..lY...r....L.*L..S7...9.O..h.Q.
2455: ....f:.^.QN..........E............f..'..Z. ..? ..F...'j.U..)..>$
2495: E.....$.:z..HUl.9.Q. ..,W.K.`*.=.H.+....O...h...wBn.i.BM.6.._#.h
24d5: B.II.....dG....55@.?..q.?..7..N.)7....;.g.M.oR..s\I.*.d.k...T.KS
2515: .m...h.. .E.Hm....^#.3T~..L....1.."s...B.Z.....l..~. 2..p.}..n.l
2555: .O.-...B.R..D..r..W$@5....ut...E..).e..Q..t.).g.o`.J!...-.';c.Ls
2595: ..4.8..9.G.>...".;.h......I....%S..F..x'zA.....q<..W./.....2BI..
25d5: ..F..gd...<.l..N.S3..z_-m.......'......=gU..B..wB*.7.9..v.......
2615: ".R7d(.C"..:.^....D..U9{`..N..."......T..8...H-<..?5-AlS4...&...
2655: %.;.x?yW...*...}....y3.#.!.g.;......R....~....L....gN..K..kB....
2695: ~..p8m........^$....\m.5..h..L..7.#..PEh....m...&.i.dn..h.8...R.
26d5: ;Q...../JX.=6.._.!AOO....3..G.n.FV.._!..1....g.J>.......k.......
2715: ...X.t=....f....f.y.uc.;2.....KR.TW....!.69..#...=.o..q.........
2755: F9.........>.S.d..A..U..../.Z>....8Y>..... ..iR.....n.S3..z]m...
2795: ..uI.C4s(._.W4u...!.95.rgDwJ....I(!..5...I..].i.....5]...G.2....
27d5: .P...G.LNEpT...Z#.Ow...2.7d.$...>...N..J..c.h.e..*...ay`..R.b&.o
2815: ....E&....wOUW.M..E&~K.....v4....l.S.h.C...]"[3.Q....M..@`. ..N.
2855: ...I^l...L...:.q.p.M?.....#3Z.*y......."..Zs...HD.?.K5.....8.S]'
2895: ..5T......8..~H....V.....T..04....=.;..N*I...Y.+\..n>Eh..mY.....
28d5: T.UM..........Q.f...L......8...d].s...9....^.... .j.>W^....{.>..
2915: .q.......!K....f.&..F.....x...A;2.....@...A...95.......34.w....D
2955: &d..v].2.NG.U....$.r.F.@l..}..Nw.....7.^...t.-........F.U..T..Z)
2995: .-...V...{>..Re.>j]..*.......x.h..-t..Idd.....Q..#.k.2..j.[=.iJ.
29d5: .hh....'....K.l..}Yq6.G.........$..}P....!.I......Cg4... :....$.
2a15: V....8...Z1s. ..nw.p;C.kp...5...2.f..M...C.......F.&.l......3..b
2a55: .!>...c........b..G)qx.....~..........=......<}........?.L.*].5.
2a95: .|Z..3.#.G..z...:..ME.p.Gt.....l.,.e..-......A...:....M*M..!+..n
2ad5: I..7*=....GQ...)......?5..2u.......8.o.- =y..h.QxUF....b......W.
2b15: ........5&G.U.$.as......D..&....|....{....t..c..0..S.iC...J.y..*
2b55: .}........yy.n.!.E.....7..............gI......qUs....+.K...{.c.n
2b95: <..c..SS.C... }....}.d?..G..T............&.......VDee.l..*j...@C
2bd5: ...v......!3.P...5U..n..\w k?R...H...T....faRoJ.../.QAI..Ds(._.Y
2c15: .7.P.95.......-..e.!O.Tn.8...E.:.G+!.(pN...~.Q9(..I.#..TC...JOn.
2c55: ....=...O.M..Z.^'...a...Z3.G.U#....Qo..:....I..~i.U.....eK,..-<.
2c95: .?.Jg].....uj.;g.A..I....X.i5.gW.U>.0..E......FF^.@..-..=O...i..
2cd5: .<C.P..?.Q7.'.|..).9.Y+ .......H....*E.p..q...,... ....r....G.H.
2d15: l...`...!B.....S2wU)..[J*..}.Gt...O.s.j....\C.<~....7.wC.L.*M.u.
2d55: .|z..'.A..>...u...#.QD..M.Mu........._........:.N......)...T[.A3
2d95: ."..8z...n.....ND~...E.....i6..~+F7...UC..p..[?....n.)..ah=.&h..
2dd5: g......8.....h.o...3.F{.."{..@........#.B9.0._...s.i.....?...ZjF
2e15: .B/...4......72t..............}D.:S....W...'.U.k.nZ;r......@{*..
2e55: ......&.z.w..#M.C..}Q..=....!...}......w..7..j<W.../x..O......5_
2e95: ..D..w.dd...(.8tN......?q....I.#..T..8z.....#.P{'+~...E......ZA.
2ed5: y......*....|J{mD|..zw..........].<..W#Z.....44...^..z.Hq=.{..N=
2f15: .x....l.w<..fP..UWm=.s..=......H....sR..t...........a.-K$#y....8
2f55: ..X...Pb......ILHa'.Q.y.....9..@.....-#T.!k#.YN.........i......S
2f95: ..y...k.Eh....>..<.p2.......1QJ.cc.N.gw.~...';.2!TC.L.p....!../.
2fd5: Cu.EM.....T........:.....Q..YE....'#.W..h.....0E...!D....4....B.
3015: ..d.v...~.QQ.:....r.EC.Q...K...?5N/...aP.....I._..i<'#.V.=.t....
3055: v.T.h..5o.].?E.i.($.#y.6...y;]Ua.c.JL..x.y)%{.tp.]|^wZ.."9.=....
3095: Z0...8....L$.......x....0p...e6......{8GR;A.....b&ZM.O7.*...<*.$
30d5: ..~........J.Mh. &.4.;.-T.B.....7...*i.K.;..{.Q.][5c.r1....U..C.
3115: ......@=\...O+af..`9....|.8....sK....~.M...^.m*.{X...3..P..~....
3155: ...nQ.].u...Z...P\OT}..u.....?4rj.\...9..r*)@..3.....2w&..:'.U.E
3195: .....?q.....fCYP...S..}..G.....&.k.....*............9...3Z8.....
31d5: .....W...7.\#..{..G2HU.2.*ZV..;..f..2.;.UW._.. (.$....y..5.kF.?0
3215: .?....<...........*.B.Jo...V...h.k..lnkM....2....K.].....^.).cn.
3255: M.KFL#.........VMDb..Z...S*#......7..%TL..\.!.R?b.3.....7......-
3295: .....H...8../.....CQR.7(....u..|H.1E........+.C2......:.........
32d5: .N.. ....c...5..C.3!..7...._n.....ob..@.a'..?.l...\... !u...EB..
3315: ..r.?5V....IgR..P..z-..N.R.).. ..5.J<.9..*B....U...7.F0.s....t~H
3355: _jO.S.....?.Z8.F..l'......f...R:....U.$_.T-.L^..].`.Y....I../...
3395: #..t.ie\..Dn~-N....+......0S.[(o.2..n{...#.;5./.s.\..*....~!D.|.
33d5: ...V...Mu..2|.y*N.[6s._@...5...n.TJ.z]c~_.(.(#.N.......C5.'..^..
3415: Y`.E22...#..dX ..t)...('n..<w...tt...eS........I.?5K...Ex..B.sv.
3455: u.?.....U.R.].q.T].y..[.......3mC.W.l..KK.67..V....S..;......vV.
3495: JA.L.g.....Y.<..O.-.?....}S..b.8..*c....Uf..*.i.....q.....9.@..d
34d5: ............,A.L..c-r.F......o.y..I&..8......F......g..'.S..7...
3515: Y.~...d...g.z.S..pOm...@...lS....,.6..u.7..j;....sN........s\.vk
3555: .Q.)..Ik'(m...#..c......;2.k.#...?..9G.:....rT..?........R.7.E.L
3595: ..z4/M1..p.........i.cz.S.=....uS6.:.W.....w..*.....4,...*....H1
35d5: =.c.."l.x..n.=@...%.M.M.......{.L.....7..Q......H..F\z.. s.El..<
3615: ..U.....H.0.w8.*.)4.m=.....t..kq.I...........;.....a^..].y.uQ.^.
3655: lU....O.....~....qD)G.r.e.S........(.w......{G .4u...j..;4..Gt./
3695: $'d.............m..O.!:"....Gv?.y.lO.y..tt.3.%...m...._.....1.O.
36d5: .q.S.U.......@. q.O.....p.B..Qc,}T.n.$..hA.I#x.W?...|....E.w.o.U
3715: .e....$...$.....S....o....kC..^?'.l.U.......U&..J...A.,.......G.
3755: ...!.....!V.j.D...nD7.....]..n.o.J..'.JB.....7(1.N....e.-.. t.I.
3795: .w&...N.S'..%]m*<ew....wQ.@. .....Q....~^.]gy.u;....G...w.(.}..w
37d5: .T.....W.u..(d...J.b..{.4C.1.U.42.$pzw.2Gv?.y..9E...i.f..]......
3815: E.$.....o...51..^.3f...........=..d[..r.*.m7.h.b.A<..m#D...$.1.E
3855: P..+%a....G.`....Z...s....B...../..*....<|..;.JA...*a.#.9hW.FD..
3895: 4..AFCp..N%D.V..|.UY>...dm.x.kx..*..i....].....)"hs.....x*...YO.
38d5: g...D..........y6.h.*...1R....f......M..O.d/.j..s.z........,.E..
3915: .X.0.z..&....^...h.6.....M............W*.....Z.w}.W.59I.TC....z.
3955: ;.......V....]..Du...f.A=p.K.(..F...:9,}[...+a.Z..pNQ.5c..8..%EV
3995: ZqSU1...M.tJ.'..}...NQd:..)....w.p.%T..............7+.qj9.....i@
39d5: ..^.Q.ce(..+D.d.I..&...i.gth..Wb.VO..`J..y..Mv{.....)Z.]...#psy.
3a15: ....T.."..H7N.%...O..."......C.MV.UO.B...3.p..!T.V../'f6qs.$F7].
3a55: ...s..Sn....?@..3.`a....%.. .....T..K\..G&g#...'G..lQ..>n...+f..
3a95: ;W...V...._......P...aO.*......j.Z....WM..3....S...........Q....
3ad5: u..v....e.P....)....;...C4=.&k..J.iW...r.....G.IqC.NQ...n}......
3b15: $..v.}...NQd:..H..U..V.eT.U.?.?5O....i.....7........bi.Eh..F..5V
3b55: ;a.....T.|..h..*._..qE.m..2.t.Ln..)[..|r#..h..!..3q.-.].O..%..--
3b95: s\Ii.]..fm.O.w......q.....mTQ..H..$..q........s.m.um...>fC..H..4
3bd5: ]..9..U..,..V...Y.f.]y.Yw....v..`.6...um...m.3...+Cz+G...Ce..2.e
3c15: ..8CA...Bj....C(..D.....O............5Q.4.E..R...Q..3.R.t....'d.
3c55: .u. ..~n..'o.....D&.z...)=..pwB......S.Ct+..e..GPN......+...{..z
3c95: w....5....)7.......$M.+.T...E.Ug..?.w.S.9:..../Ep.......k.<.}..T
3cd5: dG...X.#.o...$.VEf......5K.~...A...s...0..I.UE<...^.%..;.b..%..9
3d15: .kH....6...'..U5K*..f....O"..t......iC.s.g.U.h..a{.T..kN....t...
3d55: V...&.P..'.^...v.....Pa5.h>.N'..=%J........u%I.p...D.!o..f..g..x
3d95: .q.(.s<?E...^..f0Y.}..`...U....T..X.=....e..m.16..me.L~.. ....ZB
3dd5: ....I..74~Ei.....)..y........5?...S.(..pr.6....:..A......D....~.
3e15: ........Ss=.`..R{g..N...#...O*.......... 0[7A..;..G?.v.]......N.
3e55: !;.b..#;......{..X.I..4rE...........Pv..?....u.$.A...J.h........
3e95: ..,..}..0..2..`.B....T1F..6..U.......s.kC..V..IX;A...=.cn.?"..g=
3ed5: .!.6sH.i...7.vj...........E.....................G.........o..T-.
3f15: ....i=4..r'..ZD.b68.e......$,l.,..5..Bp..E...L.T.x..l_....MMOG.t
3f55: ...D.f.|.2.@..5CZp.6B.o.$.....
3f75: ..0...+N...6...(.OR...j1...p%S7..&....^..%....(.1.....q..T.}P...
3fb5: .\...A.7]o.w.Q..)....../..T3Gu.5.w.....0....Q...H.....b.od..#.:'
3ff5: fu.C$...)..EG..L."..9.K.N.J..e....'..d....^..i&.w..U+Y,.....r..z
4035: *,g>.*j.S4.s.....-_P.r8.........l..z.Z.. 6..*..L...8.[ISG/cS.g .
4075: .7k..a....#...H.9..u.........W....8.tvE............~..O....$..r.
40b5: ).|......(.....5h..6..ll....;.T..Q......G.k@..3c..........r....K
40f5: .'T.....5.......*.....86".e2m.$H...H.Ak..%3..@y {.....|T..a_....
4135: 4a....z....A./]o..-G3......../..T..wME..C5|..M..-..Q.8....d.{.:.
4175: .........b....TY.$..C4r*.x...).&.O.........a...zY....V.],...Q.5H
41b5: ....R.2W..7'U.Z.4......[j...k.5...A.....So.QIOY......`..y..+..G.
41f5: 4kEL.2....3..%.q.."......c.b9..Z6g;...............n1tr...b/.C ..
4235: .....II..+I.CjR83.R.f..... 2....2(..$.5..V...h..B.6.K...w4e....%
4275: $...#..s....[$fq...|..v..UO/.G8.+JN~.....w\....v.......7.v.T..D.
42b5: 1. .AL7....A.z.=..Lm...E...S.J.e.C./....i....gS. 1.L..K....rwMN+
42f5: .....-A..t.`.................`-........)7Br.!.&d........S....?5.
4335: ..I......pl......wZi|n...qOT!............6v......?.+..I.......YI
4375: .A9...49..9.\.x../......k.K..........@ .[.........X..~...<.|T.EQ
43b5: .S. 1..s...SKU[\..*}.`c....i....`....1..^0..$\...$..Nu.?........
43f5: mD.i.F...U.....|.F.......R.r..~..Q...FG?....)..n$.2j.......IV...
4435: .C.{.........7..aNm.......[........6...7,. ?.....f...f.>JFbB....
4475: .E.'......=u....4.hT..?.j9;.(..b..r.0.Ab..t..S3...h..T.4r.I..y.&
44b5: ...y'4.l;..<..A.9...).....B....7%......v0........a'.@.m...-K7...
44f5: B...mpp..ov%U3.3...E.?U_.4v.......8|...".,...X...'.MD+..J..f..:.
4535: +.Y.......,.%:........G.....8.._....A.q...5. .p...-%MY;.....a...
4575: .9*..'L......X.*:...R..!z?.0....m..?N.......@.F..a..1c....%#.RH.
45b5: .@...`..dc.....pq'.ZB..k...e..].K3.I.l.0c~..]Q'h..S...K.......e.
45f5: ..GyA......T..8'>.".5....+dc..J.Y.....w.Q.....`..S..'T.w]....I..
4635: .\.95X..faI.vE..ms..;..}....;b..~.k..c..s..E.y-.....~.^.....Q...
4675: ..\J...LN...E.....6.O.J..._...0l.%.@c...].K7...-+V.Z..h(.......I
46b5: .K........D...>4...<.7.+D..k.sM..MR*bc....M.."....ez..;+.......v
46f5: ..';'..Z.{.#...6.e..G.....q...*Y ...P....}]...T...k....&..X..E..
4735: B...........v.R..I.U0.....GP..b....Pzm....e...u..U/..S.J........
4775: ..v..vD..:...T.8..iqQh=7V.7...f...lM..iM%..[].5.I..1..f..}VTKS1.
47b5: ..<.0....o.u.vco.9.vX......Hh%[.8.....p.{.........(q....4.n..;Q.
47f5: ...o..}u.:..{B..&N..S.]....[.V.&fW%.e;&..L.;u.x.`........U.X+5Y<
4835: ...).......p.......VD(7.......w_....."O.Z..~.,...S.B..n...Z:....
4875: ..XRH.;....$...h.j$.t .SD...d8!X.e.a......$.......V....../O.+...
48b5: ..9......g...9.z...{..^.h.H.]P.X...99..F.".t.m.W3...B.c`Q.......
48f5: Ox.eTS.E....hZ>Q.k).....pBKe...x.9.........+.7._...........U....
4935: ..es7&-.HL.ZB1.....+....g...t............t.....pF.&wi.v..}....(.
4975: ]!.....C.Z,....%.Z.eIn......o.O...wOT.o.[....]..;.y|.R....:..EsL
49b5: ..L....La[....q.,5[...uI..A....)..O.........R6....,..pL.....Q./.
49f5: |m-6..8..W.......D...QB.&....)''......55.7....tt....f.L.....n.u6
4a35: .....R........=#h...o...3.".oH..B.e.U.........C.h..D.r......7...
4a75: ..yg.....3......*..])Z...77...Z8...n.Q41....n...q..y...Z.....Ux*
4ab5: .(..Lxp..RN.X..l.dN...3.G{1......nV.KIG-.f.....\~....O...y......
4af5: ..t....[.1wAd....1..8.....#'Q_..[.N.rt.SFj,6.E........7.O||Jh.DZ
4b35: .l..v/{.....1M..v./>K...)&=.S.*.{......;.l.:....Mar.,./..T].}..S
4b75: ..o..G"Q?.l.=..'..Kf...Rf..W......S.(9m...!J.[..?.5?..tt....fA..
4bb5: ...../..;.u.N.M.*.h.On....Dw.......POc...*Zg.......\~\.4.m.B.5.C
4bf5: Q....r...}."...9.-.a...d....C.oG.t........7@pq.....4...{>2B6.|l.
4c35: .*.K).......G..l................w=...[<....H.`....E....$.!......
4c75: ..u"v..;..0..T..5O>.L.47OD...%../..B...<H.'.....H....Z.`..X..'..
4cb5: .nU... M.l.D&-;/.+k....IE0^?.DX.`.f.w2..?.....[x.......D....\.pk
4cf5: E..A.......... .j....m%,].....;........0I......!..@a.R9......g..
4d35: .n]...;.Mc%e..A....UZ.DO..RF.....*...&..N......&...6m..1....J..^
4d75: .....ML...Na...}..._..l........u.[.G"...5!....-?.N%]]].........q
4db5: .58.....a.E...m..i.?%O....l..9HG.....w.{........k{...E7.Z.......
4df5: ..=..,#..ZJX.0L.6.I.ER._.)b.F5...NO....}..])U.............{.....
4e35: ..M~...N%....+..r8....n+Gh.tp.'nw.....d. ...+....}.....h.i'.$.>e
4e75: M..a.v.O...v......S.X^-.I...i.......{(...\.J:.WG.6..y5.c. i....5
4eb5: ....fy....;1..>h...r.......O.uN.g.E.n.G..X.IZ7.....!x........m%#
4ef5: m.[6..\.6.o...K..?.>i.-o......h.L.Q..}h9.....Q.`b..^....:....TN.
4f35: ...1.NG_..N.....l=......Ap......B.7O...o.:.el....[!..7.w......'q
4f75: ..-.z#...'...;u...S.tt.:...[H=..e...bBiT..*..VT;.........(....dY
4fb5: .....wA.>...3|.TO=...V0;k.~.......{c..r+A.....8.V.a....#.....&..
4ff5: 9....".,........U...e8..+O".%KN...e..0H....Q.R1.@....E..Y...UB..
5035: ...KK.,T2'Hx..J.%....e.i.DI....D..X.G.0..9..1..y.W.... ..T..r.m.
5075: z...........H........<......B.Y. r.=...'.H...;.x..N..P..7@......
50b5: ..?..E...=k"....0g..KS+.{.y...G!hM....'...../q.'.AQL{Gt...^..P.?
50f5: q..*..X.\.6.G..$...u.@..`..^..Aq..}.....:..tO.jza...W...i.S\Z.o1
5135: ...*.....h.Bi.......8'..'.N.y<.8:.@{SWL.gML...}.....i..G^.y.q..g
5175: ~.T].S..9.]..y.k}.|...H..I..3....V>.'..,....pD.%..8\_Pw4H......>
51b5: 'rMkX,.3.......c.M.0E.D.I....."...nS...#..4~.....T....SF...8.@.6
51f5: .IPc.....7.Q...h..g.H.KRDl....C5s...;.9b..}S....mw.n.>..l.7f.a..
5235: 2.........C.<....p.6pBM.A....D...S.^..5......DJ.2...=..;....A...
5275: l....d.5?%!'l.:...Pe.:..\....%.P.<wb....S.I......!\Y1....j>.'n..
52b5: ....=......B.i.....y.5D....k..T..3...v0..<...[4M.c;F.\.x|Z.Y#...
52f5: ..A.U......E...).'k.<5S.J.1<F..QH_.9......&...@cCZ0D..8)E..a0...
5335: .AR..;.....dBm7..9>..|.....*..K..e...y......t."..?f....O&.E8d@..
5375: ...j%..ql}.......`.Yg3.9.'d.iiG..>.J....Y|e..e.x.J...|.U...(oy.7
53b5: ..J.8..[...[v%.=..2W .P....wM\u.]..8[......X)..xS..jsPm.:.\...('
53f5: .d.(..w|.8...!....\.z..b...#..EU1.u...E.....A..?.lcq...K.....m..
5435: ....p...._...Fp*M.....2...{l...bE.A..6KpL.d..SZ)..u..T.".n......
5475: ..<.3..VZ......$F....l.qsN.d.%../...WS...p.$.V......).......3...
54b5: ....B.S..M..u.R.~.l....(...,y...S*.3...O..[..S.i$....'..{..5M(t.
54f5: ....~*M.!. .Qo.....Q.I?q..............'1.Cxt(..&....k..."..{.O".
5535: ..7|..X..O..7.v..<..Lq.Q..~hbB....H.J....Bl.dQX.....I^.=....fu..
5575: 0.....z'y<...XY#.g...........*[.jx.9...~!.[myk.n...q..o...)q....
55b5: j.@.K.-..4....h........w..8+....>' .i.vh...]8.N..Z..iM.S.cS...]u
55f5: ..[c.8y.Z......O.L.e#..x..\....9..s..N.G+...~/......12Hf..;Q.X.;
5635: 9m|@9.M...|\F-P..c!...Y.7...Q..+...S....6j{6$....M.!..P..X....||
5675: .M6..E.h..MD...wME......8t+g..ul...`..qsi............97pt.".EF3Y
56b5: '.R...........!....k.mOg...<......}.-)...oa!.xsH.F ....sk..E\...
56f5: =.wfo......).........9@..3...q..N.c.!...y.......>.m.#y..w..v,.,.
5735: ....&..R0...s'.(...`y.....n...'....M........N:.-:..R....4.....,s
5775: . e..6UZWK.].WEL...2.2..Y.).eE-Cx.F..!.:F.Z:H.1....3HR..U+..]k.5
57b5: T\...{...jsC..2.....<e..i,psI..F....'.+.};.e.....5...F....JOj..*
57f5: Y.CY..fv....@@..r*|e>h.GU&....WL..?.....r..e{v..`I.0.GDN........
5835: ..$.^...O.f/.p.58d.;.A.vQ.NO....T..}.....?...~h.S.#=..L..>..e ..
5875: -.)...E.j......I.....).....O1..<=.".*.vH..(..v.i..y$[!.`..*.....
58b5: Q.q....h:.:...J`$.;=M6...%.u.#.C0.{.ah.....Ha.la..7.i..)YS...}9d
58f5: y.....8.....,F.n-(\a{*..'.Y.}..C......&..<.PN.O....M*.Y.|U\M..7.
5935: ......[4`H......(..TO..J..~..~....ja.....tQ...(;u8.T{.....wMN.;$
5975: ..u~..Q8.c.......E....~QxS.q...!.:.ed..pPh.Z...G\.Q.o-4.4.c..)..
59b5: 77uO.^.......qto.]L....M..w...s......jY....2..... ...b....K..f).
59f5: .l...~.?....[4a.<.9.x.E.X.O..N.....Bo.....#....r@...r..........P
5a35: .'n..i%.Bh..d.u....Z.1.J='8.R....w...c.9..4..|.h.17.......uQ....
5a75: KF......[p.B.C$..@a...0N.....N...u......M;.&8..S..:3.t....wz....
5ab5: ..uO7.q.N=.t\u..8...D..).8#.z.....BZ%...\.6G.9......=.a.........
5af5: .-q/7..>e....\.......}..u...M2....)$<..8]S.........S...r0.....h.
5b35: }..........Mq.k.IkCv...6.NS...%.S...G$.]<.c...npp...B.....~...Zw
5b75: .......<).v..p-"'...G.%k..C....0.{...+d....'...e;n...S.v.t.v...F
5bb5: h+..".}@];PN=...{&.~........ZwG.X.........|...yM[].......J.h....
5bf5: .f..........n.....T....^...Q8.....p.j.;.?..e.SJ]..x.TM.`.J.....m
5c35: 1..0)....N.E......v..!...y...K.O.,..f.M..&W.e...Mc...\."...L&..'
5c75: ....Ny.!.)...U...U.N.+pD...<XG.<wX.2Z5....Z.':..M...).8.U6|2_.rw
5cb5: ....T...... .....X".3j........N!.y.............ot..Tq~..Da.h.oUJ
5cf5: .....TB..b.....n>!K#=#...xv.EX..0.......pI..6.Me....>i.8.,l.I...
5d35: .....3...v..p..#.........\.......n:.{...Mj.....c..j.2....M..a~..
5d75: ..#N*g.x.U...F.).../v@HLu.....i.U.......|Bc..c.D]f......i.;...F.
5db5: ...sMwt+........I.S.x...jv..kr...N.....vv.]...........v......I..
5df5: 3.........3....'n7.r..F1........9....Sj.u..lSk..jj..7........TsO
5e35: ...%..^.].N....7....%<......r...5.....6R.f@W..J=...f...m1.......
5e75: zA.......f.k.RD....!.......8.H...-.O..=..<..}....judn......;....
5eb5: .3.../.....S......M...fQ).N.%.L.g...3-N...AjL5....Z..6.P.....g9.
5ef5: ..Z........#m.%......#ru...n.%,;.7g..[A....+i...f....@s*&.y.....
5f35: ..NEL6...'....S..C........q...=..H..F.;@I.y........pF..?#.P.'...
5f75: ....(..`.rP)...E .k..N......f..4...$.#..M.$Q......{.C..."lTr;.Q.
5fb5: ...G..........a.D...C6.z.8#4..*.....yA...O".....hc....T..G.<.?..
5ff5: .(j...-1.........U.b.~L.....W.g.z. ....c...]....,...%.e9...(....
6035: .!9...d.WD.;S.%0[.........@....5Y.8.JY.7.dV..j)Xqh.b...k%.8.....
6075: .].nB...F..sD.-...B[9.~...fNI...C.0hC.Q.m`..[A.C.....2....n.....
60b5: "qC2.rM8y.2..S8|Q...=...N.94f.3<.Db5.3(/u...b.....L..7.$l.I.i.<.
60f5: D.L.`#t?d...n....p..f....*@DD. ..Q.I........V7P.../.d.>......R.0
6135: i..p.....".r.....h.7.......6.o...LA..f.A...._i..i.;......|v88...
6175: .\Q)....s.WC.. ...J...A.............ETT..A..x.S.s..$..OEUg.%.0a.
61b5: ...p.....D..........s...JV6G>..x.........B.W.j.q.".rDX.M..)....t
61f5: w\.&.]..<.>.[.k....C..5.N .&.0.c].[....:m..z..=Pc....T...&.Z..$.
6235:  y'....Q...A..kYv..&.J..2.........!..;.........{...T.....Q..)`ob
6275: ..J..P.....w8..f,...8.>.@.vllV....M$#....b.&.Z.F.6x\3.......]..v
62b5: #e.t|t..!.Kv...m+._G....H/.......5..@ZS... N..x..s..9.J....}wW.i
62f5: m...P..&..CT.e...-n.QL^HvG.<.....~.....8{.Kb........[.dvd.......
6335: ....h.1q.a...[.z.)....&...\......9.&....7[ .`.....%;".v......2A.
6375: <.....@)....l.8.ps.?.{.......m._.Q(...N.gD..... .]...2.........%
63b5: ......?....w?.....eo....}..1...0tQ..|3>.G.....,..2.:....o.Q...f.
63f5: ..U}%n.x/........<.5.h\G.>......) |V...hYc.o.....L...b...V......
6435: "qQ.d..n..B.@[...Vh.....cc{.k.....P.^.....SI..7..}..g.Q~.:..pR=.
6475: ....Q:.....hA.X.@\....(j.GBO.vi.Q0\\.J-...<..e.*i-x_.9,b~.8{.=..
64b5: s.`Nm....0tn.v..'.FY....s.........sE.....M.j...C0....nQ...B#4..~
64f5: ..M....*..9..>......).Y.m.n8.......d.Y=..'....Qn..D..`..{.L..5E3
6535: .....M......eV.H=..".........)\]...'.`.>....F.....h..;f..y.,...N
6575: .....bg.h...U.C.+.]+IY.csH.p*..A.W:......Vw.y....5.7:..*Vh}.J%..
65b5: ...-9.E.<.....E}.E..j.G@...6.....TX...>#$z.:..e.].t..p)..u..Q..s
65f5: .0.<...erQ....1...2.`..6A.so.V9.]..Khpa+...SX..L...Oc.M.Mh....Sn
6635: .)..I...1(.u.u1.....;$......[~`..( ...9.!.(4....QD\+j...S.jp.tP.
6675: ..1.%..a..v...,..>...5..qi....U..y..Cw..=...r....{.?...O..7w..-T
66b5: .......o..IpPF..D..c..pSmvLg.....ZH..*F.K.%VK(.W.^....}t..8.C.x.
66f5: .d.4..9..._.`.6ZL..qnl`#..X{Zy-.8(Y.B.G..=+..l..-E_..M8....N....
6735: ...0.....cn.7..p@m[...#v..7..2..J...!-1.m.av....$..{....ra(I+...
6775: $.nkGz#SR....(/.........=..Lp.=.-'..(.Y.>....N*.8.#f&...c....G.s
67b5: .%=..l...`M.....ZZH#.G....q8..z..e{.2.:.?..+.rc.)...(....s.F...;
67f5: .O....q....5G.9..y&.....O.....G.N6S_d.Tv2...q.....m..z....M..~*.
6835: .mi<vV.kor..U^.........y...7......:.B.w..a....9..s.tO..xQ.v..v".
6875: ..{.\...m...hCx..';?.9..W0....c"....*...['..<.......1...=.!.....
68b5: 6.+.%....&.....KH.<..q..@.YC...bc...a.c.....Yc`9Yh=..M....<..(.@
68f5: .....w~..|...T......mJX....D..2S.{...pE....m.~.VV..f...2C/$...NN
6935: .;...I..&. {.GS)......u.8.D.Y.;q.R.a.m..{...n.....CS3..S....z...
6975: .6...v...v...w.#..2...B..Q.!.4....`.*$}$Q...uE.f..q..;.)..c.....
69b5: ..\......Y..6.=....hi...L....>.w..M...\..+..\..z.....W*.]..&....
69f5: ..6.f.n.*v..C6...D".8.5.......:..N..gSU8..y.*x..M`v`.!f..$...@QD
6a35: .....$...l.q.[....9....5.........{h.........4...D ...i...Z3)....
6a75: .....;.4..,oqs..L..)......e=....3N...)......<.ni....R..Bq.}.N...
6ab5: Gv>......4... .....r#...4.}Q|....sC.......N......Q.S.._.;..0.&..
6af5: z..?T......_.j*i...!o.Q2..}.W.*.KJ.....2.4...~.$i.f.....q.J...hv
6b35: ....t.Z@..3.D...Jvc#......|. T.........@].0.Bp.CX...+..........r
6b75: T..w....Z?4..Gt.).@v....{.Z..X.A^.h.S...f..C.r...!.y.<....IHf..l
6bb5: n...B...y.1=J~-p.)....Rif.s......{..?....4.Q....(...{[q....M....
6bf5: ..s...........S.o..tt.fW>...."..;..>h....>I.......n.`.>A<....ONj
6c35: ..........51........e...d.3pw.b\..>..n.egdv....S3.......u...bq{.
6c75: 1............b'......3..>......l`.6.21.B.O.e....+H.Y...h...Bl...
6cb5: E..{.a...u.h....c...&....PD\&..Qrh.E..M.k.i..m.be.C.)..l.v..U..^
6cf5: 9..H6@.....5l.\B.y...EM@.bhk.X....!..R...HZ^.a.0s.LIp[9....V..-.
6d35: .......GK...h..,w....IX..@_.(.............$n.0T4Y.4|.8..yH.ZQm.E
6d75: ..X....7..u.........vE.K;..d......9......._f.f...a-u.......[.m.o
6db5: ... ^......mRo7.Q...QC4...#.|#........tf...3.....)....aQ.ICU.LV.
6df5: #$..}.X...m..8..I'.8.._...;...[S.vWO.4.z-A.vv.-.>7(....%N..../@.
6e35: A.....U_...8b.....f(.(.....b6|.O{.w8..rV..t..we..^..i/.UI.t-.n..
6e75: _....M....r+l....y.....q.F...5.A?.u.|.m.a...v....*(.!.f..%.UC7.$
6eb5: >...PE...N.....|.......i..........{....u..f.......1vsA..%U;.g..1
6ef5: ....W...s.........W..2D.c.G.u....U........OD.hz..e....98.......w
6f35: ....=.n.....,A..A....b.....EU.c..l..GU.N......qB...........x....
6f75: ..nA...(......-u.....\.1sz.ps...o.'..+...".........w..%4m.......
6fb5: ..G..'.a#...X.5H;.sk.5A3..Ls..$+.....oL..Yzza.....|......F.6G..8
6ff5: ........c......hUc..{9..........8.v...cl.....{..!....ZS.v.p.!...
7035: ....' .^Tx.......4\.f..J.....f..Q4.bBp......b.R...P7f......k....
7075: !...z3Ti4.....RoL...*M."......v.....~.te...V.e.U./0.9.h.HHsp9...
70b5: .e..r..........@... ..IGb.w..N..-......[k."@........ ..p..9..._$
70f5: ..a....-.4|.q..IE1........%E..D.e...q$...@..jl...... .l.z......4
7135: ....8..C.U....O.'..f....Oh..&J.{........6..R...r.z!........SR.>^
7175: `....B...*.oG!x...U....<';h.,.-o....v.jo.v...d..nQ.....U...w#.B.
71b5: ).!9.8. ...W...(...u.p..%....7..5....SBc{YC8..l\..@0=S3N..Ce\..g
71f5: .s....l..........+F.bzg_...v..7.....p.J......c..j.u.A.....6.lS.3
7235: .Mhi=T..N.@....q..'..t.p.y.,.r.s..\.;.v.*9.h.m.tA.!f.d.YJn.uL..?
7275: df....'..).s:.....Me....H..u3|#.....!7.U....O.G........-'%1....z
72b5: ....$.....g.~...c@}.xt.[=Dn...{W.'xB..K.&..7_.x.S..I(....c..6=N.
72f5: ..I..,<.r(I..T.U.......JmA....... ..... .n....r8..q.D...B-.M.P..
7335: {8....C.]..U;v.9.Tf..@n..D.d..........L=.+....]S.d1..?.Z.~.A....
7375: B..|..u........;r+#..GK.4.]....#.Fh.vT.5.ov...;..T.F..y.........
73b5: .A..`:.......D...e.x.......u...7..u0.........S[kx.b.f....~.....S
73f5: 7.@..L.5.=.GSw.;..n.......&y1S.%..c........UM.g..1.<....Ha....p.
7435: .I.....,Z...88..C.........5..feOP.H........85...^...M.$...E9..F.
7475: ...xJ.q.5.6n.<.Sm]..s.m.....4.\mY.../.'@.{.F...Sd...WG.....|u..C
74b5: .1...U...~..<.n.....=.......)]w*.mVD.......}....=..z5/i...8....V
74f5: .6......./%.......4B.V......../......W8loU....~)..QV..... 8...q.
7535: ......w.... u.N....{"......FKM....?.[>.'...A....X.y..@.<...CG[.l
7575: n.M.4..'............2X..yqM.....!...a'd_!.h...z.....3.Y.....+...
75b5: @....../D.k(.e4.=.C..*.K*...............+...{...........H.9..t..
75f5: *....c....6....R..++\)`...y..i.rx..Y.y...#d.....!.{@-.r.0..cg ..
7635: c..Jl..@.2G.....q..2A....,/..q.=.Us........$..=W.2mh...f).w.iwY.
7675: .........55L..W.l...[...UD..}J../.......}\... d,.....l......tV.D
76b5: .V.....Q.......[d_.jh..N..)w.Mm.z.IISY!...Y...ciq..U:.KP.....C.p
76f5: hs.....).m"B...s*-..@g.M.?.'7....rhO..q{.Z.=.|.w..........4kO...
7735: *..c%..N....".....6..O....wvFl<f..._..rT..x.q...U....Bu.p.pqA.X.
7775: 2..!c.t..>..9..v...+....d....GU......q&.6>h4..ji.c..-..i.q<.F..|
77b5: 2M......H9gu.|2...1....H,..n.|.a.|....fEz...Z...j}...0..[o..:.z.
77f5: 6..~...^.....&...j,\.Nv.qN.OY.1\.G%,N......y...c.Z....{.......50
7835: .....E.R..v......r.#...r.... .......'q..9...7.*M76.....H`....]<.
7875: ......V...p}]\.8e.......6..;_{k.......eD1....U6...N>..$s..S{.T.O
78b5: ...`...rhT.6=....!..I-..sG.......MV*..7d....{&acM......S0...5S..
78f5: .c.....[..#..y...?c.1....p9....%..N7e(.......a....8.....d...s..U
7935: .}.Z..Z..!7[3A...fl.!H.+K^.B....rCn..^1i..+..#%....M......Q..Z].
7975: .#....$fj...!.h.`.$;..;.dh..}.\...7\..O.jvepMnh...d.&;8......*<E
79b5: .)..H*Q...\..acH*e._5...Q:.M?.[E.h......I.....>K`b.Bh..@)G.b....
79f5: .8.S.C.'{3....C...1...u...i..HvC.Z4.GD..?.+J......%s..x*....>.RZ
7a35: ..Cs.ob...[+p*7m......7Mu....'...L..Q.?%.B6~.h).5...!.....IA.d?a
7a75: .`.7.k..(.L.7..S\B.*..1..r.;W9.7)....b.<.<0......E.^......X....i
7ab5: S...7..qEh...Z..i....?....P&wkB96_.O;N+.rvi.'q..*..#....{<C...>.
7af5: ..o}.A.vB.h.YM..x:Ck.....n.._...1......................1.!A2q.. 
7b35: BQ."a3...#R.0b.r........?......EH..".bl..)>.O..!....=.GvC.......
7b75: =....Uts..d.UIc....U9c...EH....Q$(....'.i..4..&.....X....:RO...C
7bb5: _.......t...e..L..B'...t|.....5YF..oa....?.xD..<26..B)..2%.....'
7bf5: D.........?.Y.}.#...%i2*..SK.5..jaw.i:p:.9.".VQ..A..'k.M.{}...Y.
7c35: .D...sW..J...O.MJ.D~'VY...D|T..pN.|v...].+Z...=...(.%.i..G&.R..3
7c75: S.w.rpK.E.dP.....>....k..COvO...<*O....P.obz..]..@.{.....si...5.
7cb5: .B..4..e....]..O..-.>K.,t...]U.3K(..jaRy"...%?<.\"N."/tj=......2
7cf5: B|3....!k...h.!Q...B.i:2X.(...]G.D.,.y..#Z......=....=D.'h.]#..4
7d35: .v.....D.....4...Fr.N.*F....-.\...<.YD....5q.k....8.P..u"y=.r.]#
7d75: H..4.5.%.&.NM..V<......&pD.Ekz>H...h."}K...[....^W...&..>.O..=.x
7db5: 2...&...|./s.Yf.R.950..O...EO......hu.S.w&.#_....l.......>...".H
7df5: WM.J....Ug&..EI.:HX.EE.....yf.Z'........Y.jn..".+......B.p">....
7e35: ...........EI.1+...z...N(..C.....7..#.&...<...X.. .....X.N.H.~-.
7e75: O....R....<}...i>;:'fI..U{.dX...G....q.....I...]..K..w......c...
7eb5: .M7...>.G.3.S....>..<.....rqDK,..'.q..'m?.......<.2.G...[vH.TU..
7ef5: ..EDi.*1...].D<........DrppD.Y..jq..G..#.K....D:......3....!Q...
7f35: .#.O1..%.........#.y..H.S.D.Y.....P....k..K4.DC(Y-.H.<...X....G.
7f75: ..G..cWMN.......,.Z.q......5r,......S...P..Y4..R.....Dpi..D.MN..
7fb5: T\.......J..9..<.Y5...w..{Q%byd..y.....HKa....(a...}.FG..4...rja
7ff5: w.(......$,.m.$.j.E.X..4..O.....K.4O,.....1..g.!.bI...c.W.....B.
8035: G.S.w.M.'.FN8......5\.B.bO$8.M.i..Y.CD..,!.*."..p$....>.n.K..rG.
8075: H.....<..+.....>.'j./.!f.52.pK.=..S.3YrH...Ior(.....Y>+.)......+
80b5: ...'YzQ.y....(.B.v$. .%.>..WM.6...*i-. ....&.%....G.dx.....s.*K.
80f5: [:7q&..Y...C.F.........d..EY$i..._$.....E.!..<Q.V..J.....&.E;#..
8135: Y...C..D..v1..D.....$$%d..{1..$......!..Et..|...._."KdrH...8...*
8175: ,..!........'I+.L....[9..Q...#.O.<R..cDHY50..*O..$..I%o..%..9...
81b5: S?f.Q,..'...W.h.I;...R.!+;.w.d..,.....d0,..Y5:Wq.-.<!..4l[.....k
81f5: ...F.Q#O&.S..7.I..Ob2!6.).6Km......P.E..O....d,.x].m...<#....#.F
8235: .O&...C&....B.&..9........y.9|....N......F.}$r.1e.W..~G.xB[..^.d
8275: .j.SO...;..........G.!Q=..o..D...W.M<.d.?..{./..];u......LMd...K
82b5: .dY...,*|.$p*...9..C..B7.(^.'.........&~..#...qE.H.(.#..yG.....,
82f5: ,#E...IY._.K.....&^...iq..8.p.=..h.J......$/F.,..%Hd......x.....
8335: .4^.............E...b....eaKaJ..<C....#D.E...."...FX....?g._....
8375: ........T.....E....j.DBb....>..<.QDy.].=...:..4z~...K..._j.*.-.U
83b5: 9d.Z.>h..j.F..,..._.....X.C>.miQ..*h?...g......<...d...'..e..e.n
83f5: #W.'".......2;.*4G..G......#G...\.......Qq...b4y%...W"...#W.9B.!
8435: .'.#.....Y.....zX....v...p..H.<?G....R{.G?T.b..~..S.K>..,..i..."
8475: ...Q.....5..E...'....ss.6Z.G.!.Q.Ch...*..Vn.1..d.M.IdJ....9...#.
84b5: b.".WG.......Y"\..3G..#.2+..(yi...j..K..)....L...G.....2qK..+...
84f5: 5x..2......5.x7...{R>.E..x#/.....8..=?f.J..HmHuG....b".......U.#
8535: .Z...Y.5.wD.uo....G..W...4..vf.94z....E.."#O.w..{_.N..<..i,....s
8575: Y......F7#..(n.....m9..i/.U.).4lC..}.:....h...F..z<.......,!.~..
85b5: ..Q.... i..2...,."....]......lN+.....*\Tx..w.DU.......!....o%...
85f5: .t\.>..9b.5.e....". ..$K......F....Es...VB<3-i....<....K...<"*..
8635: .....f......n.e...x".d............;..b..........vd.f.J..[..R.#.Q
8675: ...c........h...2.M%tAu.J.C[.Y_..p.B..v}..bE..,fYcM....{......f.
86b5: <...sV.Q...]..Q.G'&...y.6.........6.....w.e\.tV.$.....n.#.h..N6e
86f5: ..QJ.T...5t../t..?D2*r.q29<>......D..i....v.6kI..6..z.]od..U..1.
8735: ....U...~......w#.,.n..Q,...5g.~...-E'.........G.#/,...K...2..$.
8775: ...bHWD.!Q.N.......5.#.,.!.!.<.......X.I}..O....S.:6.x...4......
87b5: .O.Ho..*....T\.......P.i+.,.I.<3..M.Kk....UGEG.z7.xh.7.....l..K.
87f5: .........],3[.,...a.m.F...b...Q..e..U...y...V..&i../...<.[..W...
8835: v..}.y.....H.k."...K....l..lX-v*/S..D,...........4.....(.I......
8875: .JB.K..U....X..n..Ok.4.....K..S..~.4....Y.'..DF.i.7.%'/+o..D.?D.
88b5: .XT.........5...&D.".F.oVB...b.....l...>.....p<1._..L.&.c...-...
88f5: ..U....T...,..........B..oK.Fh.a.....#.X........b<....e...k..&.R
8935: .I;#W..H.1.......DrG(.J'.3C}g..d.....xT...Yb.#[(Y..Ey.Ie.nG.}...
8975: F1..{.:..E...&3....wFJ...K{v...7.).E.$X.....2./k.A.R_.UZD.Y.....
89b5: ...]3.vx....eQe._..t.V...58......EXa.,.&.....&ku!d\....4].".Q...
89f5: ......lD..DG...q'.M>.:O.Krf..<"B.#.F.w?.r...+...Mn.,....4ef.L...
8a35: .......sr.B,.?..B.vhI...4M...z....O?.$K#.%...H..Rf.P.!t....E.b..
8a75: 6N..?b.....!U+..'&...xf.......4.rH...?...A......................
8ab5: 1.!q..2A.."BQar.#3.b..... 4R$s.%c..C.............?.o.t..;......a
8af5: .,Fl:.X.....X_...V.|...f..O.vy..{..P}.....@...iQ......M..... ...
8b35: ^k...a.j.+....2.B..SxQ.o.P...+.....tS...t.+....K.~q....aXo..|l.?
8b75: ..b'c^.".~\z(H.m|...]..{....Q;.E.j..f....).4..As......SP........
8bb5: B..e..i.. ..].l...w.# ....(.e.Jhj.......l...a.....D...".......S.
8bf5: ...b rY...V<....Z-T.B?....C.I}.E.4.u...iS..8.......Sl..wv...w.Sl
8c35: .sB.D..S8Y..q.z,Du..G....4YPJ....iL.Xo..+..)...8.....x...{"T8!..
8c75: .....2..........i.K..9G.X.dk..3...5.D...~...M.. .r...E.-..b...[.
8cb5: n/....).(YF3w......).).B.D........K....FLro.(p./.~.rX...\l.|'KF.
8cf5: g...1.2VC.....x..e.b...uM.M...5....4.0EBv..q.;.....L.J.7x..\Y..8
8d35: .wO.Sa..7...A>..Q..n...2.3w.#..M.Ef.lv..,........P..!4wQni..!.S@
8d75: ..\.>.+.b......,'.v..K...!.|.5.......aK[...;.`.!....u.v..2...g@.
8db5: ..y.C.+.&.......'......n.M..@Sa..j..i..r.>*..C.....n^{...;.e..Qx
8df5: ....G}.N....JQ.b..s.. .X..........:.9(>.f......6....y.....<$-.7g
8e35: ...............H................ ..py...2....h.....{....`-q..q..
8e75: ........S...........S,.A+..g$.P.m...5..(}1.....GhP].......3>..S3
8eb5: zJ...91..-*FRP90Pke.........@.\.r....|V.'3~@.f.T. .......>ni.7..
8ef5: .. ..20..*..]O.a.R..g48T~?j..........P..`O..[k..-.,g.)....V...B.
8f35: %..na..jJ...&..Y.Oc...+..0...u.......v.3.A<.-.*Fn......!3......^
8f75: .O...!..:.6*^...^....7....*"..u.i.'.Q..\&[.X......=........h]..a
8fb5: ....[.fD........95o.`.[.o.M.8.D......:sF..0...}S8z......E.w...n.
8ff5: ...;Yb.(...?...F....&....m..L....M..L...?U.V.-....i.}~..GD...R5.
9035: !...<..(...o...QD..z.&.......&..)..r.RP9...h..'0.Y.....!?...YKc.
9075: .YGw{Q...dw...&..sB.M..#m..L...7..0|....X..].vk;.+..1....|......
90b5: .d@#..\1..esEnETok`./.WMs>!v.......'...T.W..`....8Ji.Wi3w.......
90f5: ..R..b.Q]..nQ....re..k.M.?.....&p.y.H..'.GO ..V...`.Ha...i.:..Nd
9135: (.......S.E.[.y..;.$.h.XS.h.4....F..h.Q...d.9..)......`tLw6.....
9175: YKc..B..'h...{#.].N...l...m.N ....>.....&..X,..U...B=...3....(..
91b5: TB........\......Qw%p..,F*.$FI_@.8.1..vL..@.....>.|@..V%..pRd...
91f5: ....hYC.tF.....m.9.d4...(.m..(..E....P.m.O.G......,...?).~.;....
9235: .l.#....H.\...!...bY.....S.b..c%......hQ....c..:....j....S{].RX.
9275: e.....#r...uF.:..F.r.l..l6...v..<R7j..('...f}w(.LXc.......A...vO
92b5: .OD..t*2...{.his.X.k...3..1...............5]b8...?e'=..B..#.7?..
92f5: ..&Y:...n|.MvIv..6...v..h..uQ...x..0|....Xo.._.....E.....u/.....
9335: .B.c.l,g,....S|...F|.TYa.....d..S.....O....B..#.7;<.G}.N.QW..@.5
9375: ..'.Q.F..8.....b......#...E...R...D.,1.l........9c......9...$.=.
93b5: .G9...IF.\K!ng?%......A...o..y.&......a......G....d..2.rP.;DnW..
93f5: ...J.5......D..W$..:...x.....p;U...k9vi.^.>j8.u........v..8.()8J
9435: .&.T..i.n..6@.....^jI....R.......=..F+.g.64.j.....~.%..D#u.5.C..
9475: j7;9.b.B.$.#t,4.S.).Gd.......Fu..-..R...E..o..O,s....<I.O.!C.tX|
94b5: .I.B.,D..'...h$.@...bf.w].'@..*.rS.eq;.....5P.....m...S}Y..%.E..
94f5: ..3d.g....\.2.Y.....B.D6?..N.........gU..hR.6]..nV.(......U.....
9535: .;Iy._$....}....Cj.oc..|6.....>..6{...*....cV.........E.rK.vM..{
9575: .t.....j......b..&.. .....]...QR..}.;6.U..E..h...!q...&.,<..a.xJ
95b5: ..kw............./........u9...E.w>H..J.[#o}..8..D)......yh..%..
95f5: &.Dnv......W=.H&]y ,.(."@).n....N..'.X..cGu.......=....a...,$...
9635: ..m.B....&..j..;.....S.h$......<...........M.(.E.8O.XqGF?.Q....6
9675: j......r.]...7:lw.n.x..s(me....!d...D.M....'[k.....cx].e........
96b5: 4kS^XZ...P.%c\:."..}.S.''.-Z.w...1.].?..b.\.......*w....SB...f..
96f5: f...F.....`..AD.W9.*.).{......(x...6......).D..7C..l}..a..AA....
9735: .L.tOnn>.L?..{...K.6.......c..L<..F..b.5..o..(..R.x.[.!....*....
9775: J....eKWeE.6. .?%.3..qM9..W0.4wD.T...M\.<n.....#..!..nP6....<=Q.
97b5: .'.Xo.,e....c4RP.....V..o.....+..M.n.$.......g6F...u.._.(....c.D
97f5: r..b..ah.H.a...".b..V..vd?...3*L.=.vD..t.I.Qm. w.*.P...SvC.}.y..
9835: .:.,.!d.......Tl...N .....(.j....U+..a.c .....H..9.F.,...D.gJ.J.
9875: .. d`r.X.%..#..].......l...AB(T.W...m.C.?r>\N.....e`...-..Z../..
98b5: .;:...g....=.!}..M.........|gP..\.D..CM..uN.......@....>KuR..Xgq
98f5: ."..).,k7eq.X(.4.4..x..da...Tz..6.+.>.F...|..h#.FZ...3.Y+..(....
9935: .F...D..f.We..nk........_F.S....H}F...sUF..".>...(.. .;.P.....Er
9975: .mw.:.*j.p....p.A.daI...;.......k7.E..nF^n.A._..m..1...@...X....
99b5: F@...`*..1.t........:..._.?x.S0.".Nj...J.Q.%>`..4..a.c=6O..5..C.
99f5: 1.F..:.....ZP.F..0...........%Py!p.a..M....a..x:.X"...a.`....R..
9a35: .|.'.c..T.........I..H...~k..{.c...Xh....8<.3.<.F.4..b...M+.)&..
9a75: ...7_.p.6........"...n.."........*3.....n....a......sE..)7@...!.
9ab5: ..e.P(...s.X.4mh{E*iD"5Q.....J_.'=.....^.....2ER.*...(...~Aas...
9af5: .P.....l.s..A:.H..v....;...h7...5...XY<..cU.....)........K...7..
9b35: ,.....Bq..O55.!..5Xi..p>..q...p.R......./..'.Uv..........P!5..:.
9b75: .`.....Qo.F....UQ....`.dn...T....**).K.>.M.gU,=..2......4PQ..7s.
9bb5: Y....,7.i.X.....c..&u.)a.p.....)E,B..D..-m9....\*J............m.
9bf5: ..?.u...deM.....l.@...4.......U...kr.k2...$3.Om7.G3. ..wM....#u.
9c35: ..<=Q..,.X1..)...M.H...k,./..............=.(.1.Bi.=.....F..E.P.y
9c75: .....\l..f..b..o...rv..U..c.I...g...5......k.....<*>....E..J/...
9cb5: .............B....&...........]...).&......HPwq1.....?.Xg..4.,W.
9cf5: S2.?n.....*'U.b.h..JcDq....]ES..o?..\,w.n...`.V..U.l...........t
9d35: d......v.........#q.&...'.S.u."W&.....'-......).S.[.vN:&[.k....'
9d75: ...7.F....5...(h.Pr....E..9<..r..N;.H<\...n.aG.......#..Z.m@].?.
9db5: 4y.>.`;...J6.\,3..O..N.....CF=..PM.&q?c8Sl.K..l..yl.....).EH;..N
9df5: wOE.;..X.[.......5X7.0.w\.....(.a.*.%..z.G|9.G..n...eV.......k8.
9e35: .....cYY...0.....w@].?..........*..{.q#"GE.;....v.l......f...n66
9e75: .&....).A..6....l....wE-...}.......@.ubp_..|^.......VwV0Q.w..D.O
9eb5: .`cj]K".S.t..Y....S..2...*.('.u..E57S...p.Q]....?.....q.v....4$.
9ef5: .L.b?../.D...hB..V.Fac%.......+.).z<.A74.'lg.j.....m...'-....]..
9f35: .).-.M..6._...)..'........`..XG.Xl;w.!.....4,C.. (.X....Jy..7...
9f75: ..T..qU.v....ce0.....{@bZ..............,7..UT9...X.....LX.......
9fb5: t.z&.;d|)..2..6...-......6......X.'h..).-.L;..hS.....c.>&..cs?3{
9ff5: .E.H...(r......(.TG.[.Q!.$..Aw7.....%..@f.0.C.....T...1k..5...D 
a035: .7..c>....a..M..u.."../qy.M=.........t.8..>.[.n..6..N.2..H*7o..\
a075: N.),S.[...@.u7.z.c..9.x^.z0..;........k..<..s...R.....o.....sqU.
a0b5: R?0...0........0........1.k.+....o. ...Xo..c.w.G0....M.E.?!.>..`
a0f5: C.i.r..57.F...6...K...X~k......J.]..V-..&.IB..&7..H+....._.....E
a135: ..w.....C.;)........D....=.z....S.Hg0...!.iXB..lYi.~............
a175: ."......QPBg.X....tn6.,...6...r.m....U.5|2.n.+.wh..+..V......wT.
a1b5: ......q_..4..,bV..4 j.&..,..w.v.y...y7..\C.x.fL.*g.E......Jg.TY.
a1f5: O......g..8..K......w.X7|..Gn........!X...4..q..rC..i.7g!..<.S.6
a235: ..j.]...".mZ.V<f:&..3..5@I...A.M....&.#..'..2W."..6.*/...Y\IM...
a275: ..-.hR..(.<.$.....od.w.Lu.."...F....hw.X92x.j....^..4..7........
a2b5: ./.k..s@ ......eR.m6....a...0.^I.*,....S.).-X....NmR.n..0.!X....
a2f5: j..)...........;...Z.......G..}t.Go8..d.....L.`..bg...v.w...v..Q
a335: ....9..Z.$....../....R.P.. .\..o......<.0.......'u.`.}....I.5]..
a375: 8t[.1,[. z...J.p...&..7...%..X.......g.....#B.;..)..R.ij..j....@
a3b5: &.eF2%5a..M..cb3..<-N.$PN.r.9nb...D..Qo.s9.%iD.H.......!...6....
a3f5: `..A.I......($;T.......}.c.1...5....n..b..P.8.."Sp...9C....B...H
a435: ..98U.-.....%..@hj...+t....Tm...f.f..'T.t(..lsy.2.;.AX..S.....].
a475: 4sE..RBo$... ..6.*.-...T.H8:..']6........7\...d8.....Q.....K....
a4b5: ;.b.v...=.....R.I...` .N..9....n.wz......G"rLm.fNpC.kE.[.n......
a4f5: .,..b........R~.f...tSl..r.l.R...:...........4R..;.c..J.%.....n.
a535: W{V/..q]...m..9ov.....7..vS.......G\...........P..7G)..B.4d.;...
a575: n'.Zn3.\$.q...p.'.UG....\k.......xa......7....I.E6.#U.i.)<=S.66.
a5b5: .....^.'p.]..D......e4|..k.#c.`I].....w....{.....$.).....J#z0=..
a5f5: ...[.7(3...*.h@()<'...).....0......s..t.'.G..kj ...e...R...W.V..
a635: YE...gI...M@&..v2."...5'd....lm..V........TU............[....j.D
a675: ..........!..(X,.......uzU4.u)...)..6W.3.....5hQ..1.SY.[..j..#..
a6b5: ...+q.Q..M.......`Gp......g.!p..n..^i.MEr. (IAK.N..Y2.`..1q.....
a6f5: .G.cX..}.G..c\..p...\l.......$...G.`.q.b....P...T.H.r. ...6..L..
a735: .... .x...|.'..c...].7..Lkg 3j....E......q..A.W$.&.u.i.)|....&sX
a775: ......O"..u.:Qc2...672..RC..i.vGJ...g.PD .......y.=....i.:..QN..
a7b5: cJ9.|...@.(..j.9,.....d..q.XgV...8...J..B//..<....0(...b....2..g
a7f5: .&8=...L9 ..d.&.]yi.)|=Q...(.......1.......k.+.....:X(.op..`....
a835: .....{..AH....>.....G..]..B......^CcE\..7......r[.....H-.Q..{...
a875: ....!..1`.Wo&,Q.f............MCa.h.AA.............1u....#j.'4n.b
a8b5: .@.i.X..0.?...r...<...AR../.L..5......*.U.#....<;"..`...'...S..e
a8f5: .p..v./..o.^=.o5........vk}cg....P..SP...7&..[f.S.66.5...O.(.Yb.
a935: ...\.=..m.w....c...#...>...HD.A.6<!.NnwY..J.....Hw..U*..T..e0P4l
a975: ..A/..........I.(...X!.. .U.....lF..&..]....#i.....Q.NQ.F...?..8
a9b5: ..co.'.....$.&.v+.'...~.D..O.rBBd..A.).G2.rO`..l..{7..uE...;}.nt
a9f5: EcM .O.nQ.@.C...O..Q...#.........o....P30S9.6).)..yi..[..6..3 ..
aa35: .<w.t2......w..[..X...S.."...<.iXY>..<ruz..A...U.-p..~....].(SE.
aa75: ...2......w..H>#...r.f8..<..{.E..#..S.8.e`x:....rW.V....b.(.@.9.
aab5: 6*>....r...........Jk.Q...:....,m.Ds-j...FG6...........=.+..#..,
aaf5: P...S..".......^G..T...X\M)......c..[........X.Lf#.V.|..z...~x..
ab35: B....,..v....o4nW.....N.T.D..........6..;..'.\.4...a...Z,d{.Y...
ab75: .E..XW....#..B....T@n..Z.k.2L.Gz&.4.........Pb...O.l|.1..C.+.S..
abb5: X..q...o.j&.v.w........I.z(.EG../......&.S.F..P...B7.|G.Mi...Yv.
abf5: .:.lW%.4%`c...B.U.Q.....~.7n..7.9..@....F.O.\..Q.X..[...H..|Rrkj
ac35: ......5...rx.ak.&;r@.....R........+....,C.crg{....F..Q.N..c.E..F
ac75: .32S.Q...%.S...g........;&..GzV...5.....`..<Q..V0..y--*....O.O..
acb5: .S..!.U/piM..%|....4Z.....NR.....1.sMq$..k..X....yPe.~..."".....
acf5: .AEy:'...X..mP.'q...
ad0b: --------------------------eBeffz6LNFTXQu4vzPr1wt--
== Info: upload completely sent off: 44351 bytes
<= Recv header, 17 bytes (0x11)
0000: HTTP/1.1 200 OK
<= Recv header, 37 bytes (0x25)
0000: date: Wed, 12 Feb 2025 16:38:51 GMT
<= Recv header, 17 bytes (0x11)
0000: server: uvicorn
<= Recv header, 20 bytes (0x14)
0000: content-length: 69
<= Recv header, 32 bytes (0x20)
0000: content-type: application/json
<= Recv header, 2 bytes (0x2)
0000: 
<= Recv data, 69 bytes (0x45)
0000: {"filename":"spiderman.jpg","content_type":"image/jpeg","size":4
0040: 4148}
== Info: Connection #0 to host localhost left intact
